<?xml version="1.0" encoding="UTF-8"?>
<!-- Generated by org.testng.reporters.JUnitReportReporter -->
<testsuite hostname="P5-H7Z2N62" name="org.SeleniumAdvance.WebDrivTraining" tests="1" failures="0" timestamp="17 May 2018 04:22:02 GMT" time="3.581" errors="0">
  <testcase name="test1" time="3.581" classname="org.SeleniumAdvance.WebDrivTraining"/>
</testsuite> <!-- org.SeleniumAdvance.WebDrivTraining -->
