<?xml version="1.0" encoding="UTF-8"?>
<!-- Generated by org.testng.reporters.JUnitReportReporter -->
<testsuite hostname="P5-H7Z2N62" name="org.SeleniumAdvance.DataProviders" tests="2" failures="0" timestamp="16 May 2018 08:55:50 GMT" time="0.017" errors="0">
  <testcase name="f" time="0.016" classname="org.SeleniumAdvance.DataProviders"/>
  <testcase name="f" time="0.001" classname="org.SeleniumAdvance.DataProviders"/>
</testsuite> <!-- org.SeleniumAdvance.DataProviders -->
