<?xml version="1.0" encoding="UTF-8"?>
<!-- Generated by org.testng.reporters.JUnitReportReporter -->
<testsuite hostname="P5-H7Z2N62" name="org.SeleniumAdvance.NewTestNG" tests="1" failures="0" timestamp="16 May 2018 07:09:34 GMT" time="0.007" errors="0">
  <testcase name="f" time="0.007" classname="org.SeleniumAdvance.NewTestNG"/>
</testsuite> <!-- org.SeleniumAdvance.NewTestNG -->
